End for /data/sustaining/replica.replication: 9730
------- PAGE (0) --------
End for /data/sustaining/replica.efs: 3299076322
------- PAGE (0) --------
End for /data/sustaining/primary.retention: 2551
------- PAGE (0) --------
End for debug.log: 0
------- PAGE (0) --------
Handle Key: tab
Focus: <PagerUI box/flow widget <Pile box/flow widget>>
------- PAGE (0) --------
------- PAGE (0) --------
------- PAGE (0) --------
------- PAGE (0) --------
Handle Key: tab
Focus: <PagerUI box/flow widget <Pile box/flow widget>>
------- PAGE (0) --------
------- PAGE (0) --------
------- PAGE (0) --------
------- PAGE (0) --------
Handle Key: tab
Focus: <PagerUI box/flow widget <Pile box/flow widget>>
------- PAGE (0) --------
------- PAGE (0) --------
------- PAGE (0) --------
------- PAGE (0) --------
Handle Key: tab
Focus: <PagerUI box/flow widget <Pile box/flow widget>>
------- PAGE (0) --------
------- PAGE (0) --------
------- PAGE (0) --------
------- PAGE (0) --------
Handle Key: tab
Focus: <PagerUI box/flow widget <Pile box/flow widget>>
------- PAGE (0) --------
------- PAGE (0) --------
------- PAGE (0) --------
------- PAGE (0) --------
Handle Key: tab
Focus: <PagerUI box/flow widget <Pile box/flow widget>>
------- PAGE (0) --------
------- PAGE (0) --------
------- PAGE (0) --------
------- PAGE (0) --------
Handle Key: tab
Focus: <PagerUI box/flow widget <Pile box/flow widget>>
------- PAGE (0) --------
------- PAGE (0) --------
------- PAGE (0) --------
------- PAGE (0) --------
